2021/10/05 09:14:36 {"callers":["G:/Code/Homework/homework/main.go: 20 main.init.0"],"level":"info","message":"客户端 IP:%s,http 返回码：200[::1]:3239","time":1633396476056122800}
2021/10/05 09:22:46 {"callers":["G:/Code/Homework/homework/main.go: 20 main.init.0"],"level":"info","message":"客户端 IP:%s,http 返回码：200[::1]:1060","time":1633396966321782900}
2021/10/05 09:23:06 {"callers":["G:/Code/Homework/homework/main.go: 20 main.init.0"],"level":"info","message":"客户端 IP:%v,http 返回码：200[::1]:1060","time":1633396986910376000}
2021/10/05 09:26:49 {"callers":["G:/Code/Homework/homework/main.go: 20 main.init.0"],"level":"info","message":"客户端 IP:%s,http 返回码：200[::1]:12717","time":1633397209851993300}
2021/10/05 09:29:11 {"callers":["G:/Code/Homework/homework/main.go: 20 main.init.0"],"level":"info","message":"客户端 IP:%v,http 返回码：200[::1]:1046","time":1633397351349733300}
2021/10/08 10:39:13 {"callers":["C:/Users/zhanghailong/go/src/homework/main.go: 20 main.init.0"],"level":"info","message":"客户端 IP:%s,http 返回码：200127.0.0.1:1609","time":1633660753783409300}
2021/10/08 10:39:28 {"callers":["C:/Users/zhanghailong/go/src/homework/main.go: 20 main.init.0"],"level":"info","message":"客户端 IP:%v,http 返回码：200127.0.0.1:1609","time":1633660768268857700}
2021/10/08 10:54:19 {"callers":["C:/Users/zhanghailong/go/src/homework/main.go: 20 main.init.0"],"level":"info","message":"客户端 IP:%v,http 返回码：200127.0.0.1:8775","time":1633661659057927700}
2021/10/08 10:54:23 {"callers":["C:/Users/zhanghailong/go/src/homework/main.go: 20 main.init.0"],"level":"info","message":"客户端 IP:%s,http 返回码：200127.0.0.1:8775","time":1633661663544376300}
2021/10/08 10:56:25 {"callers":["C:/Users/zhanghailong/go/src/homework/main.go: 21 main.init.0"],"level":"info","message":"客户端 IP:%s,http 返回码：200127.0.0.1:4044","time":1633661785502570900}
2021/10/08 10:59:37 {"callers":["C:/Users/zhanghailong/go/src/homework/main.go: 21 main.init.0"],"level":"info","message":"客户端 IP:%v,http 返回码：200127.0.0.1:8748","time":1633661977152734000}
2021/11/26 18:53:47 {"callers":["G:/Code/Homework/homework/main.go: 25 main.init.0"],"level":"info","message":"Http Server Started.","time":1637924027091083000}
2021/11/26 18:54:23 {"callers":["G:/Code/Homework/homework/main.go: 25 main.init.0"],"level":"info","message":"Http Server Stopped.","time":1637924063646528200}
2021/11/26 18:54:23 {"callers":["G:/Code/Homework/homework/main.go: 25 main.init.0"],"level":"info","message":"Http Server Exited Properly","time":1637924063646528200}
2021/11/29 21:00:15 {"callers":["G:/Code/Homework/homework/main.go: 25 main.init.0"],"level":"info","message":"Http Server Started.","time":1638190815861455500}
2021/11/29 21:02:29 {"callers":["G:/Code/Homework/homework/main.go: 25 main.init.0"],"level":"info","message":"Http Server Stopped.","time":1638190949945164800}
2021/11/29 21:02:29 {"callers":["G:/Code/Homework/homework/main.go: 25 main.init.0"],"level":"info","message":"Http Server Exited Properly","time":1638190949958827000}
2021/11/29 21:03:15 {"callers":["G:/Code/Homework/homework/main.go: 25 main.init.0"],"level":"info","message":"Http Server Started.","time":1638190995213957800}
2021/11/29 21:03:25 {"callers":["G:/Code/Homework/homework/main.go: 25 main.init.0"],"level":"info","message":"客户端 IP:%v,http 返回码：200[::1]:3190","time":1638191005553392700}
2021/11/29 21:05:30 {"callers":["G:/Code/Homework/homework/main.go: 25 main.init.0"],"level":"info","message":"Http Server Stopped.","time":1638191130614027000}
2021/11/29 21:05:30 {"callers":["G:/Code/Homework/homework/main.go: 25 main.init.0"],"level":"info","message":"Http Server Exited Properly","time":1638191130616768100}
